C51 COMPILER V9.52.0.0   MAIN                                                              01/18/2024 05:09:02 PAGE 1   


C51 COMPILER V9.52.0.0, COMPILATION OF MODULE MAIN
OBJECT MODULE PLACED IN main.OBJ
COMPILER INVOKED BY: D:\app\keil 5\keil_v4\C51\BIN\C51.EXE main.c BROWSE DEBUG OBJECTEXTEND

line level    source

   1          #include "reg52.h"//选择Inter 8052编译
   2          #include "intrins.h"
   3          
   4          sbit ledOne = P3^7;
   5          sbit ledTwo = P3^6;
   6          int count=0;//计数
   7          void Timer0Init(){
   8   1              /*配置tim的工作模式*/
   9   1              TMOD=0x01;//00000001的16进制
  10   1              /*给初始值，如定10ms*/
  11   1              TL0=0x00;TH0=0xDC;
  12   1              /*开始计时*/
  13   1              TR0=1;
  14   1              TF0=0;
  15   1              /*打开定时器中断*/
  16   1              ET0=1;//打开定时器0中断
  17   1              EA=1;//打开总中断
  18   1      }
  19          void main()
  20          {
  21   1              Timer0Init();
  22   1              while(1){
  23   2              }
  24   1      }
  25          void Time0Handler() interrupt 1{
  26   1              //爆表进入一次中断
  27   1      //      TF0=0;//不用中断，软件清零
  28   1              count++;
  29   1              TL0=0x00;TH0=0xDC;//重新给初值
  30   1              if(count==100){//爆表100次，经过1s
  31   2                      count=0;//清零
  32   2                      ledOne=!ledOne;//翻转led
  33   2              }
  34   1      }


MODULE INFORMATION:   STATIC OVERLAYABLE
   CODE SIZE        =     56    ----
   CONSTANT SIZE    =   ----    ----
   XDATA SIZE       =   ----    ----
   PDATA SIZE       =   ----    ----
   DATA SIZE        =      2    ----
   IDATA SIZE       =   ----    ----
   BIT SIZE         =   ----    ----
END OF MODULE INFORMATION.


C51 COMPILATION COMPLETE.  0 WARNING(S),  0 ERROR(S)
