C51 COMPILER V9.52.0.0   MAIN                                                              01/18/2024 04:22:43 PAGE 1   


C51 COMPILER V9.52.0.0, COMPILATION OF MODULE MAIN
OBJECT MODULE PLACED IN main.OBJ
COMPILER INVOKED BY: D:\app\keil 5\keil_v4\C51\BIN\C51.EXE main.c BROWSE DEBUG OBJECTEXTEND

line level    source

   1          #include "reg52.h"//选择Inter 8052编译
   2          #include "intrins.h"
   3          
   4          sbit ledOne = P3^7;
   5          sbit ledTwo = P3^6;
   6          //sfr AUXR =0x8E;
   7          void Timer0Init(void)           //10毫秒@11.0592MHz
   8          {
   9   1              AUXR &= 0x7F;                   //定时器时钟12T模式
*** ERROR C202 IN LINE 9 OF main.c: 'AUXR': undefined identifier
  10   1              TMOD &= 0xF0;                   //设置定时器模式
  11   1              TMOD |= 0x01;                   //设置定时器模式
  12   1              TL0 = 0x00;                             //设置定时初始值
  13   1              TH0 = 0xDC;                             //设置定时初始值
  14   1              TF0 = 0;                                //清除TF0标志
  15   1              TR0 = 1;                                //定时器0开始计时
  16   1      }
  17          void delay_10ms(){
  18   1              /*配置tim的工作模式*/
  19   1              TMOD=0x01;//00000001的16进制
  20   1              /*给初始值，如定10ms*/
  21   1              TL0=0x00;TH0=0xDC;
  22   1              /*开始计时*/
  23   1              TR0=1;
  24   1              TF0=0;
  25   1      }
  26          void main()
  27          {
  28   1              int count=0;//计数
  29   1              Timer0Init();
  30   1              while(1){
  31   2                      if(TF0==1){//爆表
  32   3                              TF0=0;//不用中断，软件清零
  33   3                              count++;
  34   3                              TL0=0x00;TH0=0xDC;//重新给初值
  35   3                              if(count==100){//爆表100次，经过1s
  36   4                                      count=0;//清零
  37   4                                      ledOne=!ledOne;//翻转led
  38   4                              }
  39   3                      }
  40   2              }
  41   1      }

C51 COMPILATION COMPLETE.  0 WARNING(S),  1 ERROR(S)
