C51 COMPILER V9.52.0.0   MAIN                                                              01/18/2024 07:12:52 PAGE 1   


C51 COMPILER V9.52.0.0, COMPILATION OF MODULE MAIN
OBJECT MODULE PLACED IN main.OBJ
COMPILER INVOKED BY: D:\app\keil 5\keil_v4\C51\BIN\C51.EXE main.c BROWSE DEBUG OBJECTEXTEND

line level    source

   1          #include "reg52.h"
   2          
   3          sbit sg90_con = P1^1;
   4          int jd;
   5          int cnt = 0;
   6          
   7          
   8          void Delay2000ms()              //@11.0592MHz
   9          {
  10   1              unsigned char i, j, k;
  11   1      
  12   1              i = 15;
  13   1              j = 2;
  14   1              k = 235;
  15   1              do
  16   1              {
  17   2                      do
  18   2                      {
  19   3                              while (--k);
  20   3                      } while (--j);
  21   2              } while (--i);
  22   1      }
  23          
  24          
  25          void Time0Init()
  26          {
  27   1              //1. 配置定时器0工作模式位16位计时
  28   1              TMOD = 0x01;
  29   1              //2. 给初值，定一个0.5出来
  30   1              TL0=0x33;
  31   1              TH0=0xFE;
  32   1              //3. 开始计时
  33   1              TR0 = 1;
  34   1              TF0 = 0;
  35   1              //4. 打开定时器0中断
  36   1              ET0 = 1;
  37   1              //5. 打开总中断EA
  38   1              EA = 1;
  39   1      }
  40          
  41          void Delay300ms()               //@11.0592MHz
  42          {
  43   1              unsigned char i, j, k;
  44   1      
  45   1              i = 3;
  46   1              j = 26;
  47   1              k = 223;
  48   1              do
  49   1              {
  50   2                      do
  51   2                      {
  52   3                              while (--k);
  53   3                      } while (--j);
  54   2              } while (--i);
  55   1      }
C51 COMPILER V9.52.0.0   MAIN                                                              01/18/2024 07:12:52 PAGE 2   

  56          
  57          void main()
  58          {
  59   1              Delay300ms();//让硬件稳定一下
  60   1              Time0Init(); //初始化定时器
  61   1      //      jd = 1;      //初始角度是0度，0.5ms,溢出1就是0.5，高电平
  62   1      //      cnt = 0;
  63   1      //      sg90_con = 1;//一开始从高电平开始
  64   1              
  65   1              //每隔两秒切换一次角度
  66   1              while(1){
  67   2                      jd = 4; //90度 1.5ms高电平
  68   2                      cnt = 0; 
  69   2                      Delay2000ms();
  70   2      //              jd = 1; //0度
  71   2      //              cnt = 0;
  72   2      //              Delay2000ms();
  73   2              }
  74   1      }
  75          
  76          void Time0Handler() interrupt 1
  77          {
  78   1              cnt++;  //统计爆表的次数. cnt=1的时候，报表了1
  79   1              //重新给初值
  80   1              TL0=0x33;
  81   1              TH0=0xFE;
  82   1              //控制PWM波
  83   1              if(cnt < jd){
  84   2                      sg90_con = 1;
  85   2              }else{
  86   2                      sg90_con = 0;
  87   2              }
  88   1              if(cnt == 40){//爆表40次，经过了20ms
  89   2                      cnt = 0;  //当100次表示1s，重新让cnt从0开始，计算下一次的1s
  90   2                      sg90_con = 1;
  91   2              }
  92   1                      
  93   1      }


MODULE INFORMATION:   STATIC OVERLAYABLE
   CODE SIZE        =    133    ----
   CONSTANT SIZE    =   ----    ----
   XDATA SIZE       =   ----    ----
   PDATA SIZE       =   ----    ----
   DATA SIZE        =      4    ----
   IDATA SIZE       =   ----    ----
   BIT SIZE         =   ----    ----
END OF MODULE INFORMATION.


C51 COMPILATION COMPLETE.  0 WARNING(S),  0 ERROR(S)
