C51 COMPILER V9.52.0.0   MAIN                                                              02/15/2024 10:33:45 PAGE 1   


C51 COMPILER V9.52.0.0, COMPILATION OF MODULE MAIN
OBJECT MODULE PLACED IN main.OBJ
COMPILER INVOKED BY: D:\app\keil 5\keil_v4\C51\BIN\C51.EXE main.c BROWSE DEBUG OBJECTEXTEND

line level    source

   1          #include "reg52.h"//选择Inter 8052编译
   2          #include "intrins.h"//_nop_
   3          //*LED引脚定义*/
   4          sbit ledOne    = P3^7;
   5          sbit ledTwo    = P3^6;
   6          /*测距模块引脚定义*/
   7          sbit Echo      = P1^6;
   8          sbit Trig      = P1^5;
   9          /*舵机引脚定义*/
  10          sbit sg90_con  = P1^1;
  11          
  12          int jd;
  13          int cnt = 0;
  14          /*延迟150毫秒*/
  15          void Delay150ms()               //@11.0592MHz
  16          {
  17   1              unsigned char i, j, k;
  18   1      
  19   1              _nop_();
  20   1              i = 2;
  21   1              j = 13;
  22   1              k = 237;
  23   1              do
  24   1              {
  25   2                      do
  26   2                      {
  27   3                              while (--k);
  28   3                      } while (--j);
  29   2              } while (--i);
  30   1      }
  31          /*延迟两秒*/
  32          void Delay2000ms()              //@11.0592MHz
  33          {
  34   1              unsigned char i, j, k;
  35   1      
  36   1              i = 15;
  37   1              j = 2;
  38   1              k = 235;
  39   1              do
  40   1              {
  41   2                      do
  42   2                      {
  43   3                              while (--k);
  44   3                      } while (--j);
  45   2              } while (--i);
  46   1      }
  47          /*延迟300ms*/
  48          void Delay300ms()               //@11.0592MHz
  49          {
  50   1              unsigned char i, j, k;
  51   1      
  52   1              i = 3;
  53   1              j = 26;
  54   1              k = 223;
  55   1              do
C51 COMPILER V9.52.0.0   MAIN                                                              02/15/2024 10:33:45 PAGE 2   

  56   1              {
  57   2                      do
  58   2                      {
  59   3                              while (--k);
  60   3                      } while (--j);
  61   2              } while (--i);
  62   1      }
  63          
  64          /*延迟10ms*/
  65          void Delay10ms()                //@11.0592MHz
  66          {
  67   1              unsigned char i, j;
  68   1      
  69   1              i = 18;
  70   1              j = 235;
  71   1              do
  72   1              {
  73   2                      while (--j);
  74   2              } while (--i);
  75   1      }
  76          
  77          /*定时器0初始化*/
  78          void Time0Init()
  79          {
  80   1              //1. 配置定时器0工作模式位16位计时
  81   1              TMOD &= 0xF0;                   //设置定时器模式
  82   1              TMOD |= 0x01;                   //设置定时器模式
  83   1              //2. 给初值，定一个0.5出来
  84   1              TL0=0x33;
  85   1              TH0=0xFE;
  86   1              //3. 开始计时
  87   1              TR0 = 1;
  88   1              TF0 = 0;
  89   1              //4. 打开定时器0中断
  90   1              ET0 = 1;
  91   1              //5. 打开总中断EA
  92   1              EA = 1;
  93   1      }
  94          /*定时器1初始化*/
  95          void Time1Init(){
  96   1              TMOD &= 0x0F;                   //设置定时器模式
  97   1              TMOD |= 0x10;                   //设置定时器模式
  98   1              TL1 = 0x00;                             //设置定时初始值
  99   1              TH1 = 0x00;                             //设置定时初始值
 100   1      }
 101          /*开始测距*/
 102          void StartHC(){
 103   1              Trig=0;
 104   1              Trig=1;
 105   1              Delay10ms();
 106   1              Trig=0;
 107   1      }
 108          /*测距*/
 109          double get_distance(){
 110   1              double time;
 111   1              //定时器清零
 112   1              TL1 = 0x00;                             //设置定时初始值
 113   1              TH1 = 0x00;
 114   1              StartHC();
 115   1              while(Echo==0);//波出去
 116   1              TR1=1;//启动定时器计时
 117   1              while(Echo==1);//波回来
C51 COMPILER V9.52.0.0   MAIN                                                              02/15/2024 10:33:45 PAGE 3   

 118   1              TR1=0;//停止计时
 119   1              time=(TH1*256+TL1)*1.085;//us
 120   1              return (time*0.034/2);//0.034cm/us:速度
 121   1      }
 122          /*开盖*/
 123          void OpenDusbin(){
 124   1              jd = 3; //90度 1.5ms高电平
 125   1              cnt = 0; 
 126   1              Delay2000ms();
 127   1      }
 128          /*开盖*/
 129          void OffDusbin(){
 130   1              jd = 1; //0度
 131   1              cnt = 0;
 132   1              Delay150ms();
 133   1      }
 134          /*开灯*/
 135          void OpenStatusLight(){
 136   1              ledOne=0;
 137   1              ledTwo=1;
 138   1      }
 139          /*关灯*/
 140          void OffStatusLight(){
 141   1              ledOne=1;
 142   1              ledTwo=0;
 143   1      }
 144          
 145          void main()
 146          {
 147   1              double distance;
 148   1              
 149   1              Time0Init();
 150   1              Time1Init();
 151   1              
 152   1      //      initSG90_0();
 153   1              while(1){
 154   2                      distance=get_distance();
 155   2                      if(distance<10){
 156   3                              OpenStatusLight();
 157   3                              OpenDusbin();
 158   3                      }else{
 159   3                              OffStatusLight();
 160   3                              OffDusbin();
 161   3                      }
 162   2              }
 163   1      }
 164          
 165          
 166          /*定时器0中断*/
 167          void Time0Handler() interrupt 1
 168          {
 169   1              cnt++;  //统计爆表的次数. cnt=1的时候，报表了1
 170   1              //重新给初值
 171   1              TL0=0x33;
 172   1              TH0=0xFE;
 173   1              //控制PWM波
 174   1              if(cnt < jd){
 175   2                      sg90_con = 1;
 176   2              }else{
 177   2                      sg90_con = 0;
 178   2              }
 179   1              /*周期*/
C51 COMPILER V9.52.0.0   MAIN                                                              02/15/2024 10:33:45 PAGE 4   

 180   1              if(cnt == 40){//爆表40次，经过了20ms
 181   2                      cnt = 0;  //当100次表示1s，重新让cnt从0开始，计算下一次的1s
 182   2                      sg90_con = 1;//重回高电平
 183   2              }
 184   1                      
 185   1      }


MODULE INFORMATION:   STATIC OVERLAYABLE
   CODE SIZE        =    334    ----
   CONSTANT SIZE    =   ----    ----
   XDATA SIZE       =   ----    ----
   PDATA SIZE       =   ----    ----
   DATA SIZE        =      4       8
   IDATA SIZE       =   ----    ----
   BIT SIZE         =   ----    ----
END OF MODULE INFORMATION.


C51 COMPILATION COMPLETE.  0 WARNING(S),  0 ERROR(S)
