C51 COMPILER V9.52.0.0   MAIN                                                              01/16/2024 03:36:20 PAGE 1   


C51 COMPILER V9.52.0.0, COMPILATION OF MODULE MAIN
OBJECT MODULE PLACED IN main.OBJ
COMPILER INVOKED BY: D:\app\keil 5\keil_v4\C51\BIN\C51.EXE main.c BROWSE DEBUG OBJECTEXTEND

line level    source

   1          #include "reg52.h"//—°‘ÒInter 8052±‡“Î
   2          #include "intrins.h"
   3          
   4          sbit ledOne = P3^7;
   5          sbit ledTwo = P3^6;
   6          sbit key1 = P2^1;
   7          sbit key2 = P2^0;
   8          //void delay_50ms(){            //@11.0592MHz//—”≥Ÿ50∫¡√Î
   9          //      unsigned char i, j;
  10          //      i = 90;
  11          //      j = 163;
  12          //      do{
  13          //              while (--j);
  14          //      } while (--i);
  15          //}
  16          void delay_50ms(){              //@11.0592MHz//—”≥Ÿ50∫¡√Î
  17   1              unsigned char i, j, k;
  18   1              _nop_();
  19   1              _nop_();
  20   1              i = 3;
  21   1              j = 26;
  22   1              k = 223;
  23   1              do{
  24   2                      do{
  25   3                              while (--k);
  26   3                      } while (--j);
  27   2              } while (--i);
  28   1      }
  29          
  30          void main(){
  31   1              while(1){
  32   2                      if(key1==0){//œ˚∂∂
  33   3                              delay_50ms();
  34   3                              if(key1==0){
  35   4                                      ledOne=0;//µ∆¡¡
  36   4                              }
  37   3                      }
  38   2                      if(key2==0){//œ˚∂∂
  39   3                              delay_50ms();
  40   3                              if(key2==0){
  41   4                                      ledOne=2;//µ∆¡¡
  42   4                              }
  43   3                      }
  44   2              }
  45   1      }


MODULE INFORMATION:   STATIC OVERLAYABLE
   CODE SIZE        =     39    ----
   CONSTANT SIZE    =   ----    ----
   XDATA SIZE       =   ----    ----
   PDATA SIZE       =   ----    ----
   DATA SIZE        =   ----    ----
   IDATA SIZE       =   ----    ----
   BIT SIZE         =   ----    ----
C51 COMPILER V9.52.0.0   MAIN                                                              01/16/2024 03:36:20 PAGE 2   

END OF MODULE INFORMATION.


C51 COMPILATION COMPLETE.  0 WARNING(S),  0 ERROR(S)
