C51 COMPILER V9.52.0.0   MAIN                                                              01/16/2024 03:46:46 PAGE 1   


C51 COMPILER V9.52.0.0, COMPILATION OF MODULE MAIN
OBJECT MODULE PLACED IN main.OBJ
COMPILER INVOKED BY: D:\app\keil 5\keil_v4\C51\BIN\C51.EXE main.c BROWSE DEBUG OBJECTEXTEND

line level    source

   1          #include "reg52.h"//—°‘ÒInter 8052±‡“Î
   2          #include "intrins.h"
   3          
   4          sbit ledOne = P3^7;
   5          sbit ledTwo = P3^6;
   6          sbit key1 = P2^1;
   7          sbit key2 = P2^0;
   8          void delay_50ms(){              //@11.0592MHz//—”≥Ÿ50∫¡√Î
   9   1              unsigned char i, j, k;
  10   1              _nop_();
  11   1              _nop_();
  12   1              i = 3;
  13   1              j = 26;
  14   1              k = 223;
  15   1              do{
  16   2                      do{
  17   3                              while (--k);
  18   3                      } while (--j);
  19   2              } while (--i);
  20   1      }
  21          void main()
  22          {
  23   1              ledOne=1;
  24   1              while(1){
  25   2                      if(key1==0){//œ˚∂∂
  26   3                              delay_50ms();
  27   3                              if(key1==0){
  28   4                                      ledOne=!ledOne;//µ∆¡¡
  29   4                              }
  30   3                      }
  31   2              }
  32   1      }


MODULE INFORMATION:   STATIC OVERLAYABLE
   CODE SIZE        =     30    ----
   CONSTANT SIZE    =   ----    ----
   XDATA SIZE       =   ----    ----
   PDATA SIZE       =   ----    ----
   DATA SIZE        =   ----    ----
   IDATA SIZE       =   ----    ----
   BIT SIZE         =   ----    ----
END OF MODULE INFORMATION.


C51 COMPILATION COMPLETE.  0 WARNING(S),  0 ERROR(S)
