C51 COMPILER V9.52.0.0   MAIN                                                              01/16/2024 11:21:06 PAGE 1   


C51 COMPILER V9.52.0.0, COMPILATION OF MODULE MAIN
OBJECT MODULE PLACED IN main.OBJ
COMPILER INVOKED BY: D:\app\keil 5\keil_v4\C51\BIN\C51.EXE main.c BROWSE DEBUG OBJECTEXTEND

line level    source

   1          #include "reg52.h"//选择Inter 8052编译
   2          #include "intrins.h"
   3          
   4          #define J_ON 1
   5          #define J_OFF 0
   6          /*led*/
   7          sbit ledOne = P3^7;//led1
   8          sbit ledTwo = P3^6;//led2
   9          /*振动传感器*/
  10          sbit vibrate = P3^3;//D0
  11          /*继电器*/
  12          sbit switcher = P1^1;//in
  13          /*遥控*/
  14          sbit D0_ON = P1^2;//D0
  15          sbit D1_OFF = P1^3;//D1
  16          
  17          void Delay2000ms()              //@11.0592MHz
  18          {
  19   1              unsigned char i, j, k;
  20   1              _nop_();
  21   1              i = 15;
  22   1              j = 2;
  23   1              k = 235;
  24   1              do
  25   1              {
  26   2                      do
  27   2                      {
  28   3                              while (--k);
  29   3                      } while (--j);
  30   2              } while (--i);
  31   1      }
  32          void main()
  33          {
  34   1              int mark=0;
  35   1              while(1){
  36   2                      if(D0_ON==1){//进入警报模式
  37   3                              switcher=0;//提示进入警报模式
  38   3                              Delay2000ms();
  39   3                              switcher=1;
  40   3                              mark=J_ON;
  41   3                      }
  42   2                      if(D1_OFF==1){//解除警报模式
  43   3                              switcher=0;//提示解除警报模式
  44   3                              Delay2000ms();
  45   3                              switcher=1;
  46   3                              mark=J_OFF;
  47   3                      }
  48   2                      if(mark){//警报模式下
  49   3                              if(vibrate==0){//如果发生震动
  50   4                                      switcher=0;//警报
  51   4                              }else{
  52   4                                      switcher=1;
  53   4                              }
  54   3                      }
  55   2              }
C51 COMPILER V9.52.0.0   MAIN                                                              01/16/2024 11:21:06 PAGE 2   

  56   1      }


MODULE INFORMATION:   STATIC OVERLAYABLE
   CODE SIZE        =     59    ----
   CONSTANT SIZE    =   ----    ----
   XDATA SIZE       =   ----    ----
   PDATA SIZE       =   ----    ----
   DATA SIZE        =   ----    ----
   IDATA SIZE       =   ----    ----
   BIT SIZE         =   ----    ----
END OF MODULE INFORMATION.


C51 COMPILATION COMPLETE.  0 WARNING(S),  0 ERROR(S)
